  [1m[36m (1.2ms)[0m  [1mCREATE TABLE "schema_migrations" ("version" varchar NOT NULL) [0m
  [1m[35m (0.0ms)[0m  select sqlite_version(*)
  [1m[36m (1.0ms)[0m  [1mCREATE UNIQUE INDEX "unique_schema_migrations" ON "schema_migrations" ("version")[0m
  [1m[35mActiveRecord::SchemaMigration Load (0.1ms)[0m  SELECT "schema_migrations".* FROM "schema_migrations"
  [1m[36mActiveRecord::SchemaMigration Load (0.1ms)[0m  [1mSELECT "schema_migrations".* FROM "schema_migrations"[0m
Migrating to CreatePosts (20151230232412)
  [1m[35m (0.1ms)[0m  begin transaction
  [1m[36m (0.4ms)[0m  [1mCREATE TABLE "posts" ("id" INTEGER PRIMARY KEY AUTOINCREMENT NOT NULL, "title" varchar, "description" text, "created_at" datetime NOT NULL, "updated_at" datetime NOT NULL) [0m
  [1m[35mSQL (0.2ms)[0m  INSERT INTO "schema_migrations" ("version") VALUES (?)  [["version", "20151230232412"]]
  [1m[36m (1.3ms)[0m  [1mcommit transaction[0m
  [1m[35mActiveRecord::SchemaMigration Load (0.1ms)[0m  SELECT "schema_migrations".* FROM "schema_migrations"


Started GET "/posts/new" for ::1 at 2015-12-31 13:44:56 -0600
  [1m[36mActiveRecord::SchemaMigration Load (0.1ms)[0m  [1mSELECT "schema_migrations".* FROM "schema_migrations"[0m
Processing by PostsController#new as HTML
  Rendered posts/new.html.erb within layouts/application (2.1ms)
Completed 200 OK in 347ms (Views: 326.8ms | ActiveRecord: 0.2ms)


Started GET "/assets/application.self-e80e8f2318043e8af94dddc2adad5a4f09739a8ebb323b3ab31cd71d45fd9113.css?body=1" for ::1 at 2015-12-31 13:44:57 -0600


Started GET "/assets/application.self-3b8dabdc891efe46b9a144b400ad69e37d7e5876bdc39dee783419a69d7ca819.js?body=1" for ::1 at 2015-12-31 13:44:57 -0600


Started POST "/posts" for ::1 at 2015-12-31 13:45:03 -0600
Processing by PostsController#create as HTML
  Parameters: {"utf8"=>"✓", "authenticity_token"=>"mFCuNJP5reOW19phdr4zXRLzOMo4NZQ3wneiVR+RO/+owIoDiOxh24iHKkZ7DGazxbSIoRmvIOmJgA4gog1sGg==", "title"=>"Rails Introduction Quiz", "description"=>"asdfasdf", "commit"=>"Submit Post"}
  [1m[35m (0.1ms)[0m  begin transaction
  [1m[36mSQL (0.4ms)[0m  [1mINSERT INTO "posts" ("title", "description", "created_at", "updated_at") VALUES (?, ?, ?, ?)[0m  [["title", "Rails Introduction Quiz"], ["description", "asdfasdf"], ["created_at", "2015-12-31 19:45:03.614973"], ["updated_at", "2015-12-31 19:45:03.614973"]]
  [1m[35m (1.2ms)[0m  commit transaction
Redirected to http://localhost:3000/posts/1
Completed 302 Found in 22ms (ActiveRecord: 1.7ms)


Started GET "/posts/1" for ::1 at 2015-12-31 13:45:03 -0600
Processing by PostsController#show as HTML
  Parameters: {"id"=>"1"}
  [1m[36mPost Load (0.2ms)[0m  [1mSELECT  "posts".* FROM "posts" WHERE "posts"."id" = ? LIMIT 1[0m  [["id", 1]]
  Rendered posts/show.html.erb within layouts/application (0.4ms)
Completed 200 OK in 27ms (Views: 10.4ms | ActiveRecord: 0.2ms)
  [1m[36mActiveRecord::SchemaMigration Load (0.1ms)[0m  [1mSELECT "schema_migrations".* FROM "schema_migrations"[0m
  [1m[36mActiveRecord::SchemaMigration Load (0.1ms)[0m  [1mSELECT "schema_migrations".* FROM "schema_migrations"[0m
  [1m[35mActiveRecord::SchemaMigration Load (0.1ms)[0m  SELECT "schema_migrations".* FROM "schema_migrations"
  [1m[36mActiveRecord::SchemaMigration Load (0.1ms)[0m  [1mSELECT "schema_migrations".* FROM "schema_migrations"[0m
  [1m[36mActiveRecord::SchemaMigration Load (0.1ms)[0m  [1mSELECT "schema_migrations".* FROM "schema_migrations"[0m
  [1m[35mActiveRecord::SchemaMigration Load (0.1ms)[0m  SELECT "schema_migrations".* FROM "schema_migrations"
  [1m[36mPost Load (1.7ms)[0m  [1mSELECT "posts".* FROM "posts"[0m
  [1m[36mActiveRecord::SchemaMigration Load (0.1ms)[0m  [1mSELECT "schema_migrations".* FROM "schema_migrations"[0m
  [1m[36mActiveRecord::SchemaMigration Load (0.1ms)[0m  [1mSELECT "schema_migrations".* FROM "schema_migrations"[0m
  [1m[35m (0.0ms)[0m  begin transaction
  [1m[36mSQL (0.8ms)[0m  [1mINSERT INTO "posts" ("title", "description", "created_at", "updated_at") VALUES (?, ?, ?, ?)[0m  [["title", "The Smiths"], ["description", "There is a light that never goes out"], ["created_at", "2019-04-29 21:27:12.043590"], ["updated_at", "2019-04-29 21:27:12.043590"]]
  [1m[35m (0.7ms)[0m  commit transaction
  [1m[36m (0.0ms)[0m  [1mbegin transaction[0m
  [1m[35mSQL (0.3ms)[0m  INSERT INTO "posts" ("title", "description", "created_at", "updated_at") VALUES (?, ?, ?, ?)  [["title", "Notorious BIG"], ["description", "Everyday Struggle"], ["created_at", "2019-04-29 21:27:12.046669"], ["updated_at", "2019-04-29 21:27:12.046669"]]
  [1m[36m (0.8ms)[0m  [1mcommit transaction[0m
  [1m[35m (0.1ms)[0m  begin transaction
  [1m[36mSQL (0.3ms)[0m  [1mINSERT INTO "posts" ("title", "description", "created_at", "updated_at") VALUES (?, ?, ?, ?)[0m  [["title", "Black Sabbath"], ["description", "Iron Man"], ["created_at", "2019-04-29 21:27:12.049171"], ["updated_at", "2019-04-29 21:27:12.049171"]]
  [1m[35m (0.7ms)[0m  commit transaction
  [1m[36m (0.0ms)[0m  [1mbegin transaction[0m
  [1m[35mSQL (0.3ms)[0m  INSERT INTO "posts" ("title", "description", "created_at", "updated_at") VALUES (?, ?, ?, ?)  [["title", "Blink 182"], ["description", "Down"], ["created_at", "2019-04-29 21:27:12.051306"], ["updated_at", "2019-04-29 21:27:12.051306"]]
  [1m[36m (0.6ms)[0m  [1mcommit transaction[0m


Started GET "/" for ::1 at 2019-04-29 17:37:08 -0400
  [1m[36mActiveRecord::SchemaMigration Load (0.1ms)[0m  [1mSELECT "schema_migrations".* FROM "schema_migrations"[0m
Processing by Rails::WelcomeController#index as HTML
  Rendered /Users/kenkuts/.rvm/gems/ruby-2.5.0/gems/railties-4.2.11.1/lib/rails/templates/rails/welcome/index.html.erb (2.0ms)
Completed 200 OK in 25ms (Views: 14.0ms | ActiveRecord: 0.0ms)


Started GET "/index" for ::1 at 2019-04-29 17:37:12 -0400

ActionController::RoutingError (No route matches [GET] "/index"):
  actionpack (4.2.11.1) lib/action_dispatch/middleware/debug_exceptions.rb:21:in `call'
  actionpack (4.2.11.1) lib/action_dispatch/middleware/show_exceptions.rb:30:in `call'
  railties (4.2.11.1) lib/rails/rack/logger.rb:38:in `call_app'
  railties (4.2.11.1) lib/rails/rack/logger.rb:20:in `block in call'
  activesupport (4.2.11.1) lib/active_support/tagged_logging.rb:68:in `block in tagged'
  activesupport (4.2.11.1) lib/active_support/tagged_logging.rb:26:in `tagged'
  activesupport (4.2.11.1) lib/active_support/tagged_logging.rb:68:in `tagged'
  railties (4.2.11.1) lib/rails/rack/logger.rb:20:in `call'
  actionpack (4.2.11.1) lib/action_dispatch/middleware/request_id.rb:21:in `call'
  rack (1.6.11) lib/rack/methodoverride.rb:22:in `call'
  rack (1.6.11) lib/rack/runtime.rb:18:in `call'
  activesupport (4.2.11.1) lib/active_support/cache/strategy/local_cache_middleware.rb:28:in `call'
  rack (1.6.11) lib/rack/lock.rb:17:in `call'
  actionpack (4.2.11.1) lib/action_dispatch/middleware/static.rb:120:in `call'
  rack (1.6.11) lib/rack/sendfile.rb:113:in `call'
  railties (4.2.11.1) lib/rails/engine.rb:518:in `call'
  railties (4.2.11.1) lib/rails/application.rb:165:in `call'
  rack (1.6.11) lib/rack/lock.rb:17:in `call'
  rack (1.6.11) lib/rack/content_length.rb:15:in `call'
  rack (1.6.11) lib/rack/handler/webrick.rb:88:in `service'
  /Users/kenkuts/.rvm/rubies/ruby-2.5.0/lib/ruby/2.5.0/webrick/httpserver.rb:140:in `service'
  /Users/kenkuts/.rvm/rubies/ruby-2.5.0/lib/ruby/2.5.0/webrick/httpserver.rb:96:in `run'
  /Users/kenkuts/.rvm/rubies/ruby-2.5.0/lib/ruby/2.5.0/webrick/server.rb:307:in `block in start_thread'


  Rendered /Users/kenkuts/.rvm/gems/ruby-2.5.0/gems/actionpack-4.2.11.1/lib/action_dispatch/middleware/templates/rescues/_trace.html.erb (1.1ms)
  Rendered /Users/kenkuts/.rvm/gems/ruby-2.5.0/gems/actionpack-4.2.11.1/lib/action_dispatch/middleware/templates/routes/_route.html.erb (1.0ms)
  Rendered /Users/kenkuts/.rvm/gems/ruby-2.5.0/gems/actionpack-4.2.11.1/lib/action_dispatch/middleware/templates/routes/_table.html.erb (10.1ms)
  Rendered /Users/kenkuts/.rvm/gems/ruby-2.5.0/gems/actionpack-4.2.11.1/lib/action_dispatch/middleware/templates/rescues/_request_and_response.html.erb (1.0ms)
  Rendered /Users/kenkuts/.rvm/gems/ruby-2.5.0/gems/actionpack-4.2.11.1/lib/action_dispatch/middleware/templates/rescues/routing_error.html.erb within rescues/layout (106.1ms)


Started GET "/posts" for ::1 at 2019-04-29 17:37:17 -0400
Processing by PostsController#index as HTML
  [1m[35mPost Load (0.1ms)[0m  SELECT "posts".* FROM "posts"
  Rendered posts/index.html.erb within layouts/application (3.4ms)
Completed 200 OK in 285ms (Views: 281.7ms | ActiveRecord: 0.3ms)


Started GET "/posts" for ::1 at 2019-04-29 17:39:11 -0400
Processing by PostsController#index as HTML
  [1m[36mPost Load (0.1ms)[0m  [1mSELECT "posts".* FROM "posts"[0m
  Rendered posts/index.html.erb within layouts/application (1.1ms)
Completed 200 OK in 22ms (Views: 21.1ms | ActiveRecord: 0.1ms)


Started GET "/posts" for ::1 at 2019-04-29 17:40:16 -0400
Processing by PostsController#index as HTML
  [1m[35mPost Load (0.1ms)[0m  SELECT "posts".* FROM "posts"
  Rendered posts/index.html.erb within layouts/application (48.4ms)
Completed 500 Internal Server Error in 55ms (ActiveRecord: 0.1ms)

ActionView::Template::Error (undefined local variable or method `new_posts_path' for #<#<Class:0x00007facdbd68d20>:0x00007facdadb2ca0>
Did you mean?  new_post_path):
    2:   <div><%= link_to post.title, post_path(post) %></div>
    3: <% end %>
    4: 
    5: <%= button_to "Create New Post", new_posts_path, html_options = {:method => :get} %>
  app/views/posts/index.html.erb:5:in `_app_views_posts_index_html_erb___1672344882680849133_70190191447240'


  Rendered /Users/kenkuts/.rvm/gems/ruby-2.5.0/gems/actionpack-4.2.11.1/lib/action_dispatch/middleware/templates/rescues/_source.erb (4.0ms)
  Rendered /Users/kenkuts/.rvm/gems/ruby-2.5.0/gems/actionpack-4.2.11.1/lib/action_dispatch/middleware/templates/rescues/_trace.html.erb (2.1ms)
  Rendered /Users/kenkuts/.rvm/gems/ruby-2.5.0/gems/actionpack-4.2.11.1/lib/action_dispatch/middleware/templates/rescues/_request_and_response.html.erb (0.8ms)
  Rendered /Users/kenkuts/.rvm/gems/ruby-2.5.0/gems/actionpack-4.2.11.1/lib/action_dispatch/middleware/templates/rescues/template_error.html.erb within rescues/layout (72.4ms)


Started GET "/posts" for ::1 at 2019-04-29 17:40:29 -0400
Processing by PostsController#index as HTML
  [1m[36mPost Load (0.2ms)[0m  [1mSELECT "posts".* FROM "posts"[0m
  Rendered posts/index.html.erb within layouts/application (2.7ms)
Completed 200 OK in 19ms (Views: 18.6ms | ActiveRecord: 0.2ms)


Started GET "/posts/new" for ::1 at 2019-04-29 17:40:30 -0400
Processing by PostsController#new as HTML
  Rendered posts/new.html.erb within layouts/application (0.5ms)
Completed 500 Internal Server Error in 7ms (ActiveRecord: 0.0ms)

SyntaxError (/Users/kenkuts/Desktop/Projects/flatiron_school/rails-create-action-readme-cb-000/app/views/posts/new.html.erb:12: syntax error, unexpected keyword_ensure, expecting end-of-input
          ensure
          ^~~~~~):
  app/views/posts/new.html.erb:12: syntax error, unexpected keyword_ensure, expecting end-of-input


  Rendered /Users/kenkuts/.rvm/gems/ruby-2.5.0/gems/actionpack-4.2.11.1/lib/action_dispatch/middleware/templates/rescues/_source.erb (4.2ms)
  Rendered /Users/kenkuts/.rvm/gems/ruby-2.5.0/gems/actionpack-4.2.11.1/lib/action_dispatch/middleware/templates/rescues/_trace.html.erb (1.9ms)
  Rendered /Users/kenkuts/.rvm/gems/ruby-2.5.0/gems/actionpack-4.2.11.1/lib/action_dispatch/middleware/templates/rescues/_request_and_response.html.erb (0.7ms)
  Rendered /Users/kenkuts/.rvm/gems/ruby-2.5.0/gems/actionpack-4.2.11.1/lib/action_dispatch/middleware/templates/rescues/diagnostics.html.erb within rescues/layout (64.8ms)


Started GET "/posts/new" for ::1 at 2019-04-29 17:40:47 -0400
Processing by PostsController#new as HTML
  Rendered posts/new.html.erb within layouts/application (25.4ms)
Completed 500 Internal Server Error in 32ms (ActiveRecord: 0.0ms)

ActionView::Template::Error (undefined local variable or method `posts_route' for #<#<Class:0x00007facdbd68d20>:0x00007facdf9f60f8>
Did you mean?  posts_url):
    1: 
    2: <%= form_tag posts_route do %>
    3: 
    4:   <label>Title: </label>
    5:   <%= text_field_tag :title %><br>
  app/views/posts/new.html.erb:2:in `_app_views_posts_new_html_erb__1936233096888447695_70190231430960'


  Rendered /Users/kenkuts/.rvm/gems/ruby-2.5.0/gems/actionpack-4.2.11.1/lib/action_dispatch/middleware/templates/rescues/_source.erb (4.3ms)
  Rendered /Users/kenkuts/.rvm/gems/ruby-2.5.0/gems/actionpack-4.2.11.1/lib/action_dispatch/middleware/templates/rescues/_trace.html.erb (2.0ms)
  Rendered /Users/kenkuts/.rvm/gems/ruby-2.5.0/gems/actionpack-4.2.11.1/lib/action_dispatch/middleware/templates/rescues/_request_and_response.html.erb (0.6ms)
  Rendered /Users/kenkuts/.rvm/gems/ruby-2.5.0/gems/actionpack-4.2.11.1/lib/action_dispatch/middleware/templates/rescues/template_error.html.erb within rescues/layout (68.0ms)


Started GET "/posts" for ::1 at 2019-04-29 17:40:59 -0400
Processing by PostsController#index as HTML
  [1m[35mPost Load (0.1ms)[0m  SELECT "posts".* FROM "posts"
  Rendered posts/index.html.erb within layouts/application (0.8ms)
Completed 200 OK in 19ms (Views: 18.6ms | ActiveRecord: 0.1ms)


Started GET "/posts/new" for ::1 at 2019-04-29 17:41:00 -0400
Processing by PostsController#new as HTML
  Rendered posts/new.html.erb within layouts/application (1.4ms)
Completed 200 OK in 17ms (Views: 16.9ms | ActiveRecord: 0.0ms)


Started GET "/posts/5" for ::1 at 2019-04-29 17:41:03 -0400
Processing by PostsController#show as HTML
  Parameters: {"id"=>"5"}
Completed 500 Internal Server Error in 1ms (ActiveRecord: 0.0ms)

NameError (uninitialized constant PostsController::Student):
  app/controllers/posts_controller.rb:24:in `set_post'


  Rendered /Users/kenkuts/.rvm/gems/ruby-2.5.0/gems/actionpack-4.2.11.1/lib/action_dispatch/middleware/templates/rescues/_source.erb (3.0ms)
  Rendered /Users/kenkuts/.rvm/gems/ruby-2.5.0/gems/actionpack-4.2.11.1/lib/action_dispatch/middleware/templates/rescues/_trace.html.erb (1.7ms)
  Rendered /Users/kenkuts/.rvm/gems/ruby-2.5.0/gems/actionpack-4.2.11.1/lib/action_dispatch/middleware/templates/rescues/_request_and_response.html.erb (0.9ms)
  Rendered /Users/kenkuts/.rvm/gems/ruby-2.5.0/gems/actionpack-4.2.11.1/lib/action_dispatch/middleware/templates/rescues/diagnostics.html.erb within rescues/layout (60.9ms)


Started GET "/posts/5" for ::1 at 2019-04-29 17:41:20 -0400
Processing by PostsController#show as HTML
  Parameters: {"id"=>"5"}
Completed 500 Internal Server Error in 13ms (ActiveRecord: 0.0ms)

NameError (undefined local variable or method `parmas' for #<PostsController:0x00007facdbbe3ef0>
Did you mean?  params):
  app/controllers/posts_controller.rb:24:in `set_post'


  Rendered /Users/kenkuts/.rvm/gems/ruby-2.5.0/gems/actionpack-4.2.11.1/lib/action_dispatch/middleware/templates/rescues/_source.erb (2.6ms)
  Rendered /Users/kenkuts/.rvm/gems/ruby-2.5.0/gems/actionpack-4.2.11.1/lib/action_dispatch/middleware/templates/rescues/_trace.html.erb (1.5ms)
  Rendered /Users/kenkuts/.rvm/gems/ruby-2.5.0/gems/actionpack-4.2.11.1/lib/action_dispatch/middleware/templates/rescues/_request_and_response.html.erb (0.7ms)
  Rendered /Users/kenkuts/.rvm/gems/ruby-2.5.0/gems/actionpack-4.2.11.1/lib/action_dispatch/middleware/templates/rescues/diagnostics.html.erb within rescues/layout (62.8ms)


Started GET "/posts/5" for ::1 at 2019-04-29 17:41:33 -0400
Processing by PostsController#show as HTML
  Parameters: {"id"=>"5"}
  [1m[36mPost Load (0.2ms)[0m  [1mSELECT  "posts".* FROM "posts" WHERE "posts"."id" = ? LIMIT 1[0m  [["id", 5]]
  Rendered posts/show.html.erb within layouts/application (0.3ms)
Completed 200 OK in 29ms (Views: 15.9ms | ActiveRecord: 0.8ms)


Started GET "/posts/5" for ::1 at 2019-04-29 17:42:31 -0400
Processing by PostsController#show as HTML
  Parameters: {"id"=>"5"}
  [1m[35mPost Load (0.1ms)[0m  SELECT  "posts".* FROM "posts" WHERE "posts"."id" = ? LIMIT 1  [["id", 5]]
  Rendered posts/show.html.erb within layouts/application (0.6ms)
Completed 200 OK in 16ms (Views: 15.6ms | ActiveRecord: 0.1ms)


Started GET "/posts" for ::1 at 2019-04-29 17:42:32 -0400
Processing by PostsController#index as HTML
  [1m[36mPost Load (0.1ms)[0m  [1mSELECT "posts".* FROM "posts"[0m
  Rendered posts/index.html.erb within layouts/application (1.1ms)
Completed 200 OK in 14ms (Views: 13.6ms | ActiveRecord: 0.1ms)


Started GET "/posts/1" for ::1 at 2019-04-29 17:42:34 -0400
Processing by PostsController#show as HTML
  Parameters: {"id"=>"1"}
  [1m[35mPost Load (0.1ms)[0m  SELECT  "posts".* FROM "posts" WHERE "posts"."id" = ? LIMIT 1  [["id", 1]]
  Rendered posts/show.html.erb within layouts/application (0.2ms)
Completed 200 OK in 26ms (Views: 24.4ms | ActiveRecord: 0.1ms)


Started GET "/posts" for ::1 at 2019-04-29 17:42:35 -0400
Processing by PostsController#index as HTML
  [1m[36mPost Load (0.2ms)[0m  [1mSELECT "posts".* FROM "posts"[0m
  Rendered posts/index.html.erb within layouts/application (1.4ms)
Completed 200 OK in 16ms (Views: 14.9ms | ActiveRecord: 0.2ms)


Started GET "/posts/2" for ::1 at 2019-04-29 17:42:36 -0400
Processing by PostsController#show as HTML
  Parameters: {"id"=>"2"}
  [1m[35mPost Load (0.2ms)[0m  SELECT  "posts".* FROM "posts" WHERE "posts"."id" = ? LIMIT 1  [["id", 2]]
  Rendered posts/show.html.erb within layouts/application (0.4ms)
Completed 200 OK in 19ms (Views: 18.1ms | ActiveRecord: 0.2ms)


Started GET "/posts" for ::1 at 2019-04-29 17:42:38 -0400
Processing by PostsController#index as HTML
  [1m[36mPost Load (0.1ms)[0m  [1mSELECT "posts".* FROM "posts"[0m
  Rendered posts/index.html.erb within layouts/application (1.0ms)
Completed 200 OK in 14ms (Views: 13.3ms | ActiveRecord: 0.1ms)


Started GET "/posts/4" for ::1 at 2019-04-29 17:42:40 -0400
Processing by PostsController#show as HTML
  Parameters: {"id"=>"4"}
  [1m[35mPost Load (0.1ms)[0m  SELECT  "posts".* FROM "posts" WHERE "posts"."id" = ? LIMIT 1  [["id", 4]]
  Rendered posts/show.html.erb within layouts/application (0.3ms)
Completed 200 OK in 21ms (Views: 20.1ms | ActiveRecord: 0.1ms)


Started GET "/posts" for ::1 at 2019-04-29 17:42:40 -0400
Processing by PostsController#index as HTML
  [1m[36mPost Load (0.1ms)[0m  [1mSELECT "posts".* FROM "posts"[0m
  Rendered posts/index.html.erb within layouts/application (0.8ms)
Completed 200 OK in 15ms (Views: 13.9ms | ActiveRecord: 0.1ms)


Started GET "/posts/5" for ::1 at 2019-04-29 17:42:41 -0400
Processing by PostsController#show as HTML
  Parameters: {"id"=>"5"}
  [1m[35mPost Load (0.1ms)[0m  SELECT  "posts".* FROM "posts" WHERE "posts"."id" = ? LIMIT 1  [["id", 5]]
  Rendered posts/show.html.erb within layouts/application (0.3ms)
Completed 200 OK in 20ms (Views: 19.3ms | ActiveRecord: 0.1ms)


Started GET "/posts" for ::1 at 2019-04-29 17:42:42 -0400
Processing by PostsController#index as HTML
  [1m[36mPost Load (0.3ms)[0m  [1mSELECT "posts".* FROM "posts"[0m
  Rendered posts/index.html.erb within layouts/application (1.7ms)
Completed 200 OK in 17ms (Views: 16.2ms | ActiveRecord: 0.3ms)


Started GET "/posts/new" for ::1 at 2019-04-29 17:42:43 -0400
Processing by PostsController#new as HTML
  Rendered posts/new.html.erb within layouts/application (0.4ms)
Completed 200 OK in 15ms (Views: 14.4ms | ActiveRecord: 0.0ms)


Started POST "/posts" for ::1 at 2019-04-29 17:42:53 -0400
Processing by PostsController#create as HTML
  Parameters: {"utf8"=>"✓", "authenticity_token"=>"kfH37rAQbG6tY6OKssgYh5oOUcKOAwo18sd1DFbAT+Va4+aAQ/bIUphjGb/wxbfZsppUf0h5PHoTQL6VyyH8cw==", "title"=>"KasKade", "description"=>"I still remember", "commit"=>"Submit Post"}
  [1m[35m (0.1ms)[0m  begin transaction
  [1m[36mSQL (0.6ms)[0m  [1mINSERT INTO "posts" ("title", "description", "created_at", "updated_at") VALUES (?, ?, ?, ?)[0m  [["title", "KasKade"], ["description", "I still remember"], ["created_at", "2019-04-29 21:42:53.879795"], ["updated_at", "2019-04-29 21:42:53.879795"]]
  [1m[35m (0.8ms)[0m  commit transaction
Redirected to http://localhost:3000/posts/6
Completed 302 Found in 7ms (ActiveRecord: 1.5ms)


Started GET "/posts/6" for ::1 at 2019-04-29 17:42:53 -0400
Processing by PostsController#show as HTML
  Parameters: {"id"=>"6"}
  [1m[36mPost Load (0.1ms)[0m  [1mSELECT  "posts".* FROM "posts" WHERE "posts"."id" = ? LIMIT 1[0m  [["id", 6]]
  Rendered posts/show.html.erb within layouts/application (0.2ms)
Completed 200 OK in 12ms (Views: 11.2ms | ActiveRecord: 0.1ms)


Started GET "/posts" for ::1 at 2019-04-29 17:42:55 -0400
Processing by PostsController#index as HTML
  [1m[35mPost Load (0.1ms)[0m  SELECT "posts".* FROM "posts"
  Rendered posts/index.html.erb within layouts/application (1.0ms)
Completed 200 OK in 20ms (Views: 19.3ms | ActiveRecord: 0.1ms)


Started GET "/posts" for ::1 at 2019-04-29 17:42:58 -0400
Processing by PostsController#index as HTML
  [1m[36mPost Load (0.1ms)[0m  [1mSELECT "posts".* FROM "posts"[0m
  Rendered posts/index.html.erb within layouts/application (0.9ms)
Completed 200 OK in 15ms (Views: 14.1ms | ActiveRecord: 0.1ms)
